
0.90000    0.70000    35.48646     
0.90000    0.71429    33.81178     
0.90000    0.72857    32.26936     
0.90000    0.74286    30.85667     
0.90000    0.75714    29.57125     
0.90000    0.77143    28.41074     
0.90000    0.78571    27.37290     
0.90000    0.80000    26.45557     
0.90000    0.81429    25.65665     
0.90000    0.82857    24.97419     
0.90000    0.84286    24.40627     
0.90000    0.85714    23.95108     
0.90000    0.87143    23.60690     
0.90000    0.88571    23.37206     
0.90000    0.90000    23.24501     
0.90000    0.91429    23.22423     
0.90000    0.92857    23.30831     
0.90000    0.94286    23.49589     
0.90000    0.95714    23.78568     
0.90000    0.97143    24.17648     
0.90000    0.98571    24.66712     
0.90000    1.00000    25.25652     
0.90000    1.01429    25.94366     
0.90000    1.02857    26.72757     
0.90000    1.04286    27.60735     
0.90000    1.05714    28.58214     
0.90000    1.07143    29.65116     
0.90000    1.08571    30.81367     
0.90000    1.10000    32.06899     
0.90000    1.11429    33.41649     
0.90000    1.12857    34.85558     
0.90000    1.14286    36.38575     
0.90000    1.15714    38.00649     
0.90000    1.17143    39.71740     
0.90000    1.18571    41.51808     
0.90000    1.20000    43.40818     
0.90000    1.21429    45.38743     
0.90000    1.22857    47.45556     
0.90000    1.24286    49.61239     
0.90000    1.25714    51.85773     
0.90000    1.27143    54.19149     
0.90000    1.28571    56.61358     
0.90000    1.30000    59.12397     
0.90000    1.31429    61.72266     
0.90000    1.32857    64.40972     
0.90000    1.34286    67.18522     
0.90000    1.35714    70.04931     
0.90000    1.37143    73.00216     
0.90000    1.38571    76.04398     
0.90000    1.40000    79.17503     

0.90612    0.70000    34.86433     
0.90612    0.71429    33.15387     
0.90612    0.72857    31.57544     
0.90612    0.74286    30.12647     
0.90612    0.75714    28.80446     
0.90612    0.77143    27.60703     
0.90612    0.78571    26.53188     
0.90612    0.80000    25.57684     
0.90612    0.81429    24.73978     
0.90612    0.82857    24.01870     
0.90612    0.84286    23.41168     
0.90612    0.85714    22.91687     
0.90612    0.87143    22.53252     
0.90612    0.88571    22.25695     
0.90612    0.90000    22.08857     
0.90612    0.91429    22.02585     
0.90612    0.92857    22.06735     
0.90612    0.94286    22.21168     
0.90612    0.95714    22.45755     
0.90612    0.97143    22.80371     
0.90612    0.98571    23.24900     
0.90612    1.00000    23.79229     
0.90612    1.01429    24.43256     
0.90612    1.02857    25.16880     
0.90612    1.04286    26.00009     
0.90612    1.05714    26.92557     
0.90612    1.07143    27.94441     
0.90612    1.08571    29.05587     
0.90612    1.10000    30.25922     
0.90612    1.11429    31.55383     
0.90612    1.12857    32.93908     
0.90612    1.14286    34.41443     
0.90612    1.15714    35.97937     
0.90612    1.17143    37.63343     
0.90612    1.18571    39.37622     
0.90612    1.20000    41.20737     
0.90612    1.21429    43.12656     
0.90612    1.22857    45.13351     
0.90612    1.24286    47.22799     
0.90612    1.25714    49.40981     
0.90612    1.27143    51.67883     
0.90612    1.28571    54.03495     
0.90612    1.30000    56.47809     
0.90612    1.31429    59.00825     
0.90612    1.32857    61.62542     
0.90612    1.34286    64.32969     
0.90612    1.35714    67.12114     
0.90612    1.37143    69.99992     
0.90612    1.38571    72.96620     
0.90612    1.40000    76.02021     

0.91224    0.70000    34.29555     
0.91224    0.71429    32.54975     
0.91224    0.72857    30.93580     
0.91224    0.74286    29.45105     
0.91224    0.75714    28.09300     
0.91224    0.77143    26.85920     
0.91224    0.78571    25.74735     
0.91224    0.80000    24.75521     
0.91224    0.81429    23.88064     
0.91224    0.82857    23.12162     
0.91224    0.84286    22.47618     
0.91224    0.85714    21.94246     
0.91224    0.87143    21.51867     
0.91224    0.88571    21.20313     
0.91224    0.90000    20.99420     
0.91224    0.91429    20.89034     
0.91224    0.92857    20.89008     
0.91224    0.94286    20.99203     
0.91224    0.95714    21.19485     
0.91224    0.97143    21.49728     
0.91224    0.98571    21.89813     
0.91224    1.00000    22.39628     
0.91224    1.01429    22.99064     
0.91224    1.02857    23.68022     
0.91224    1.04286    24.46406     
0.91224    1.05714    25.34128     
0.91224    1.07143    26.31104     
0.91224    1.08571    27.37256     
0.91224    1.10000    28.52510     
0.91224    1.11429    29.76800     
0.91224    1.12857    31.10063     
0.91224    1.14286    32.52241     
0.91224    1.15714    34.03282     
0.91224    1.17143    35.63137     
0.91224    1.18571    37.31763     
0.91224    1.20000    39.09121     
0.91224    1.21429    40.95177     
0.91224    1.22857    42.89900     
0.91224    1.24286    44.93265     
0.91224    1.25714    47.05250     
0.91224    1.27143    49.25839     
0.91224    1.28571    51.55017     
0.91224    1.30000    53.92776     
0.91224    1.31429    56.39110     
0.91224    1.32857    58.94018     
0.91224    1.34286    61.57504     
0.91224    1.35714    64.29574     
0.91224    1.37143    67.10238     
0.91224    1.38571    69.99512     
0.91224    1.40000    72.97414     

0.91837    0.70000    33.78012     
0.91837    0.71429    31.99943     
0.91837    0.72857    30.35042     
0.91837    0.74286    28.83040     
0.91837    0.75714    27.43682     
0.91837    0.77143    26.16721     
0.91837    0.78571    25.01922     
0.91837    0.80000    23.99059     
0.91837    0.81429    23.07914     
0.91837    0.82857    22.28281     
0.91837    0.84286    21.59963     
0.91837    0.85714    21.02769     
0.91837    0.87143    20.56519     
0.91837    0.88571    20.21040     
0.91837    0.90000    19.96169     
0.91837    0.91429    19.81747     
0.91837    0.92857    19.77627     
0.91837    0.94286    19.83665     
0.91837    0.95714    19.99728     
0.91837    0.97143    20.25686     
0.91837    0.98571    20.61418     
0.91837    1.00000    21.06810     
0.91837    1.01429    21.61752     
0.91837    1.02857    22.26141     
0.91837    1.04286    22.99881     
0.91837    1.05714    23.82880     
0.91837    1.07143    24.75053     
0.91837    1.08571    25.76320     
0.91837    1.10000    26.86605     
0.91837    1.11429    28.05839     
0.91837    1.12857    29.33958     
0.91837    1.14286    30.70900     
0.91837    1.15714    32.16612     
0.91837    1.17143    33.71043     
0.91837    1.18571    35.34147     
0.91837    1.20000    37.05883     
0.91837    1.21429    38.86214     
0.91837    1.22857    40.75107     
0.91837    1.24286    42.72535     
0.91837    1.25714    44.78474     
0.91837    1.27143    46.92902     
0.91837    1.28571    49.15805     
0.91837    1.30000    51.47171     
0.91837    1.31429    53.86991     
0.91837    1.32857    56.35261     
0.91837    1.34286    58.91983     
0.91837    1.35714    61.57158     
0.91837    1.37143    64.30796     
0.91837    1.38571    67.12906     
0.91837    1.40000    70.03506     

0.92449    0.70000    33.31806     
0.92449    0.71429    31.50291     
0.92449    0.72857    29.81929     
0.92449    0.74286    28.26448     
0.92449    0.75714    26.83588     
0.92449    0.77143    25.53100     
0.92449    0.78571    24.34743     
0.92449    0.80000    23.28288     
0.92449    0.81429    22.33516     
0.92449    0.82857    21.50217     
0.92449    0.84286    20.78189     
0.92449    0.85714    20.17241     
0.92449    0.87143    19.67189     
0.92449    0.88571    19.27859     
0.92449    0.90000    18.99083     
0.92449    0.91429    18.80702     
0.92449    0.92857    18.72566     
0.92449    0.94286    18.74529     
0.92449    0.95714    18.86455     
0.92449    0.97143    19.08214     
0.92449    0.98571    19.39681     
0.92449    1.00000    19.80741     
0.92449    1.01429    20.31281     
0.92449    1.02857    20.91197     
0.92449    1.04286    21.60390     
0.92449    1.05714    22.38767     
0.92449    1.07143    23.26240     
0.92449    1.08571    24.22727     
0.92449    1.10000    25.28152     
0.92449    1.11429    26.42441     
0.92449    1.12857    27.65529     
0.92449    1.14286    28.97353     
0.92449    1.15714    30.37857     
0.92449    1.17143    31.86987     
0.92449    1.18571    33.44696     
0.92449    1.20000    35.10940     
0.92449    1.21429    36.85680     
0.92449    1.22857    38.68881     
0.92449    1.24286    40.60513     
0.92449    1.25714    42.60549     
0.92449    1.27143    44.68966     
0.92449    1.28571    46.85747     
0.92449    1.30000    49.10876     
0.92449    1.31429    51.44343     
0.92449    1.32857    53.86142     
0.92449    1.34286    56.36268     
0.92449    1.35714    58.94724     
0.92449    1.37143    61.61514     
0.92449    1.38571    64.36646     
0.92449    1.40000    67.20132     

0.93061    0.70000    32.90939     
0.93061    0.71429    31.06018     
0.93061    0.72857    29.34239     
0.93061    0.74286    27.75326     
0.93061    0.75714    26.29014     
0.93061    0.77143    24.95050     
0.93061    0.78571    23.73190     
0.93061    0.80000    22.63201     
0.93061    0.81429    21.64861     
0.93061    0.82857    20.77957     
0.93061    0.84286    20.02283     
0.93061    0.85714    19.37647     
0.93061    0.87143    18.83862     
0.93061    0.88571    18.40750     
0.93061    0.90000    18.08143     
0.93061    0.91429    17.85878     
0.93061    0.92857    17.73803     
0.93061    0.94286    17.71770     
0.93061    0.95714    17.79641     
0.93061    0.97143    17.97283     
0.93061    0.98571    18.24572     
0.93061    1.00000    18.61386     
0.93061    1.01429    19.07615     
0.93061    1.02857    19.63150     
0.93061    1.04286    20.27891     
0.93061    1.05714    21.01744     
0.93061    1.07143    21.84617     
0.93061    1.08571    22.76428     
0.93061    1.10000    23.77096     
0.93061    1.11429    24.86549     
0.93061    1.12857    26.04717     
0.93061    1.14286    27.31537     
0.93061    1.15714    28.66949     
0.93061    1.17143    30.10898     
0.93061    1.18571    31.63335     
0.93061    1.20000    33.24213     
0.93061    1.21429    34.93492     
0.93061    1.22857    36.71134     
0.93061    1.24286    38.57106     
0.93061    1.25714    40.51379     
0.93061    1.27143    42.53929     
0.93061    1.28571    44.64735     
0.93061    1.30000    46.83779     
0.93061    1.31429    49.11048     
0.93061    1.32857    51.46534     
0.93061    1.34286    53.90230     
0.93061    1.35714    56.42135     
0.93061    1.37143    59.02250     
0.93061    1.38571    61.70581     
0.93061    1.40000    64.47137     

0.93673    0.70000    32.55413     
0.93673    0.71429    30.67126     
0.93673    0.72857    28.91973     
0.93673    0.74286    27.29672     
0.93673    0.75714    25.79956     
0.93673    0.77143    24.42567     
0.93673    0.78571    23.17257     
0.93673    0.80000    22.03790     
0.93673    0.81429    21.01939     
0.93673    0.82857    20.11489     
0.93673    0.84286    19.32233     
0.93673    0.85714    18.63974     
0.93673    0.87143    18.06522     
0.93673    0.88571    17.59697     
0.93673    0.90000    17.23329     
0.93673    0.91429    16.97253     
0.93673    0.92857    16.81314     
0.93673    0.94286    16.75363     
0.93673    0.95714    16.79258     
0.93673    0.97143    16.92866     
0.93673    0.98571    17.16058     
0.93673    1.00000    17.48714     
0.93673    1.01429    17.90719     
0.93673    1.02857    18.41964     
0.93673    1.04286    19.02346     
0.93673    1.05714    19.71768     
0.93673    1.07143    20.50139     
0.93673    1.08571    21.37373     
0.93673    1.10000    22.33388     
0.93673    1.11429    23.38109     
0.93673    1.12857    24.51466     
0.93673    1.14286    25.73391     
0.93673    1.15714    27.03824     
0.93673    1.17143    28.42709     
0.93673    1.18571    29.89992     
0.93673    1.20000    31.45627     
0.93673    1.21429    33.09570     
0.93673    1.22857    34.81780     
0.93673    1.24286    36.62225     
0.93673    1.25714    38.50871     
0.93673    1.27143    40.47692     
0.93673    1.28571    42.52665     
0.93673    1.30000    44.65771     
0.93673    1.31429    46.86993     
0.93673    1.32857    49.16320     
0.93673    1.34286    51.53744     
0.93673    1.35714    53.99260     
0.93673    1.37143    56.52867     
0.93673    1.38571    59.14568     
0.93673    1.40000    61.84369     

0.94286    0.70000    32.25230     
0.94286    0.71429    30.33615     
0.94286    0.72857    28.55128     
0.94286    0.74286    26.89484     
0.94286    0.75714    25.36411     
0.94286    0.77143    23.95645     
0.94286    0.78571    22.66937     
0.94286    0.80000    21.50045     
0.94286    0.81429    20.44741     
0.94286    0.82857    19.50805     
0.94286    0.84286    18.68027     
0.94286    0.85714    17.96206     
0.94286    0.87143    17.35153     
0.94286    0.88571    16.84683     
0.94286    0.90000    16.44624     
0.94286    0.91429    16.14808     
0.94286    0.92857    15.95078     
0.94286    0.94286    15.85283     
0.94286    0.95714    15.85280     
0.94286    0.97143    15.94933     
0.94286    0.98571    16.14111     
0.94286    1.00000    16.42692     
0.94286    1.01429    16.80559     
0.94286    1.02857    17.27601     
0.94286    1.04286    17.83715     
0.94286    1.05714    18.48800     
0.94286    1.07143    19.22763     
0.94286    1.08571    20.05517     
0.94286    1.10000    20.96979     
0.94286    1.11429    21.97070     
0.94286    1.12857    23.05719     
0.94286    1.14286    24.22858     
0.94286    1.15714    25.48422     
0.94286    1.17143    26.82355     
0.94286    1.18571    28.24601     
0.94286    1.20000    29.75110     
0.94286    1.21429    31.33838     
0.94286    1.22857    33.00742     
0.94286    1.24286    34.75786     
0.94286    1.25714    36.58936     
0.94286    1.27143    38.50163     
0.94286    1.28571    40.49442     
0.94286    1.30000    42.56750     
0.94286    1.31429    44.72070     
0.94286    1.32857    46.95387     
0.94286    1.34286    49.26691     
0.94286    1.35714    51.65975     
0.94286    1.37143    54.13235     
0.94286    1.38571    56.68471     
0.94286    1.40000    59.31687     

0.94898    0.70000    32.00393     
0.94898    0.71429    30.05486     
0.94898    0.72857    28.23705     
0.94898    0.74286    26.54761     
0.94898    0.75714    24.98374     
0.94898    0.77143    23.54281     
0.94898    0.78571    22.22224     
0.94898    0.80000    21.01960     
0.94898    0.81429    19.93257     
0.94898    0.82857    18.95892     
0.94898    0.84286    18.09651     
0.94898    0.85714    17.34332     
0.94898    0.87143    16.69740     
0.94898    0.88571    16.15691     
0.94898    0.90000    15.72008     
0.94898    0.91429    15.38522     
0.94898    0.92857    15.15073     
0.94898    0.94286    15.01509     
0.94898    0.95714    14.97683     
0.94898    0.97143    15.03458     
0.94898    0.98571    15.18702     
0.94898    1.00000    15.43290     
0.94898    1.01429    15.77103     
0.94898    1.02857    16.20029     
0.94898    1.04286    16.71961     
0.94898    1.05714    17.32799     
0.94898    1.07143    18.02447     
0.94898    1.08571    18.80816     
0.94898    1.10000    19.67820     
0.94898    1.11429    20.63382     
0.94898    1.12857    21.67425     
0.94898    1.14286    22.79881     
0.94898    1.15714    24.00684     
0.94898    1.17143    25.29773     
0.94898    1.18571    26.67093     
0.94898    1.20000    28.12593     
0.94898    1.21429    29.66223     
0.94898    1.22857    31.27942     
0.94898    1.24286    32.97710     
0.94898    1.25714    34.75491     
0.94898    1.27143    36.61253     
0.94898    1.28571    38.54971     
0.94898    1.30000    40.56618     
0.94898    1.31429    42.66176     
0.94898    1.32857    44.83627     
0.94898    1.34286    47.08959     
0.94898    1.35714    49.42162     
0.94898    1.37143    51.83230     
0.94898    1.38571    54.32161     
0.94898    1.40000    56.88955     

0.95510    0.70000    31.80904     
0.95510    0.71429    29.82740     
0.95510    0.72857    27.97703     
0.95510    0.74286    26.25499     
0.95510    0.75714    24.65844     
0.95510    0.77143    23.18468     
0.95510    0.78571    21.83112     
0.95510    0.80000    20.59528     
0.95510    0.81429    19.47480     
0.95510    0.82857    18.46741     
0.95510    0.84286    17.57096     
0.95510    0.85714    16.78338     
0.95510    0.87143    16.10270     
0.95510    0.88571    15.52706     
0.95510    0.90000    15.05465     
0.95510    0.91429    14.68377     
0.95510    0.92857    14.41279     
0.95510    0.94286    14.24017     
0.95510    0.95714    14.16443     
0.95510    0.97143    14.18416     
0.95510    0.98571    14.29803     
0.95510    1.00000    14.50478     
0.95510    1.01429    14.80318     
0.95510    1.02857    15.19211     
0.95510    1.04286    15.67049     
0.95510    1.05714    16.23727     
0.95510    1.07143    16.89150     
0.95510    1.08571    17.63226     
0.95510    1.10000    18.45868     
0.95510    1.11429    19.36996     
0.95510    1.12857    20.36532     
0.95510    1.14286    21.44407     
0.95510    1.15714    22.60552     
0.95510    1.17143    23.84905     
0.95510    1.18571    25.17408     
0.95510    1.20000    26.58009     
0.95510    1.21429    28.06657     
0.95510    1.22857    29.63307     
0.95510    1.24286    31.27918     
0.95510    1.25714    33.00453     
0.95510    1.27143    34.80877     
0.95510    1.28571    36.69162     
0.95510    1.30000    38.65281     
0.95510    1.31429    40.69213     
0.95510    1.32857    42.80937     
0.95510    1.34286    45.00439     
0.95510    1.35714    47.27708     
0.95510    1.37143    49.62734     
0.95510    1.38571    52.05513     
0.95510    1.40000    54.56044     

0.96122    0.70000    31.66767     
0.96122    0.71429    29.65380     
0.96122    0.72857    27.77124     
0.96122    0.74286    26.01699     
0.96122    0.75714    24.38817     
0.96122    0.77143    22.88204     
0.96122    0.78571    21.49596     
0.96122    0.80000    20.22741     
0.96122    0.81429    19.07400     
0.96122    0.82857    18.03342     
0.96122    0.84286    17.10349     
0.96122    0.85714    16.28210     
0.96122    0.87143    15.56728     
0.96122    0.88571    14.95711     
0.96122    0.90000    14.44977     
0.96122    0.91429    14.04354     
0.96122    0.92857    13.73676     
0.96122    0.94286    13.52787     
0.96122    0.95714    13.41536     
0.96122    0.97143    13.39782     
0.96122    0.98571    13.47388     
0.96122    1.00000    13.64227     
0.96122    1.01429    13.90176     
0.96122    1.02857    14.25118     
0.96122    1.04286    14.68943     
0.96122    1.05714    15.21548     
0.96122    1.07143    15.82834     
0.96122    1.08571    16.52706     
0.96122    1.10000    17.31078     
0.96122    1.11429    18.17867     
0.96122    1.12857    19.12993     
0.96122    1.14286    20.16384     
0.96122    1.15714    21.27972     
0.96122    1.17143    22.47693     
0.96122    1.18571    23.75485     
0.96122    1.20000    25.11296     
0.96122    1.21429    26.55072     
0.96122    1.22857    28.06767     
0.96122    1.24286    29.66338     
0.96122    1.25714    31.33745     
0.96122    1.27143    33.08954     
0.96122    1.28571    34.91932     
0.96122    1.30000    36.82651     
0.96122    1.31429    38.81087     
0.96122    1.32857    40.87219     
0.96122    1.34286    43.01030     
0.96122    1.35714    45.22505     
0.96122    1.37143    47.51635     
0.96122    1.38571    49.88411     
0.96122    1.40000    52.32831     

0.96735    0.70000    31.57987     
0.96735    0.71429    29.53408     
0.96735    0.72857    27.61967     
0.96735    0.74286    25.83359     
0.96735    0.75714    24.17292     
0.96735    0.77143    22.63485     
0.96735    0.78571    21.21670     
0.96735    0.80000    19.91593     
0.96735    0.81429    18.73009     
0.96735    0.82857    17.65686     
0.96735    0.84286    16.69399     
0.96735    0.85714    15.83938     
0.96735    0.87143    15.09100     
0.96735    0.88571    14.44691     
0.96735    0.90000    13.90528     
0.96735    0.91429    13.46435     
0.96735    0.92857    13.12244     
0.96735    0.94286    12.87796     
0.96735    0.95714    12.72940     
0.96735    0.97143    12.67531     
0.96735    0.98571    12.71431     
0.96735    1.00000    12.84510     
0.96735    1.01429    13.06644     
0.96735    1.02857    13.37715     
0.96735    1.04286    13.77612     
0.96735    1.05714    14.26227     
0.96735    1.07143    14.83460     
0.96735    1.08571    15.49218     
0.96735    1.10000    16.23409     
0.96735    1.11429    17.05949     
0.96735    1.12857    17.96760     
0.96735    1.14286    18.95764     
0.96735    1.15714    20.02893     
0.96735    1.17143    21.18081     
0.96735    1.18571    22.41266     
0.96735    1.20000    23.72391     
0.96735    1.21429    25.11404     
0.96735    1.22857    26.58254     
0.96735    1.24286    28.12898     
0.96735    1.25714    29.75294     
0.96735    1.27143    31.45405     
0.96735    1.28571    33.23197     
0.96735    1.30000    35.08640     
0.96735    1.31429    37.01709     
0.96735    1.32857    39.02379     
0.96735    1.34286    41.10632     
0.96735    1.35714    43.26451     
0.96735    1.37143    45.49824     
0.96735    1.38571    47.80741     
0.96735    1.40000    50.19197     

0.97347    0.70000    31.54566     
0.97347    0.71429    29.46826     
0.97347    0.72857    27.52234     
0.97347    0.74286    25.70480     
0.97347    0.75714    24.01266     
0.97347    0.77143    22.44307     
0.97347    0.78571    20.99331     
0.97347    0.80000    19.66078     
0.97347    0.81429    18.44301     
0.97347    0.82857    17.33763     
0.97347    0.84286    16.34238     
0.97347    0.85714    15.45510     
0.97347    0.87143    14.67373     
0.97347    0.88571    13.99633     
0.97347    0.90000    13.42102     
0.97347    0.91429    12.94602     
0.97347    0.92857    12.56963     
0.97347    0.94286    12.29025     
0.97347    0.95714    12.10632     
0.97347    0.97143    12.01639     
0.97347    0.98571    12.01906     
0.97347    1.00000    12.11300     
0.97347    1.01429    12.29696     
0.97347    1.02857    12.56975     
0.97347    1.04286    12.93021     
0.97347    1.05714    13.37728     
0.97347    1.07143    13.90994     
0.97347    1.08571    14.52721     
0.97347    1.10000    15.22819     
0.97347    1.11429    16.01202     
0.97347    1.12857    16.87787     
0.97347    1.14286    17.82499     
0.97347    1.15714    18.85265     
0.97347    1.17143    19.96018     
0.97347    1.18571    21.14696     
0.97347    1.20000    22.41238     
0.97347    1.21429    23.75591     
0.97347    1.22857    25.17704     
0.97347    1.24286    26.67531     
0.97347    1.25714    28.25028     
0.97347    1.27143    29.90156     
0.97347    1.28571    31.62880     
0.97347    1.30000    33.43168     
0.97347    1.31429    35.30992     
0.97347    1.32857    37.26327     
0.97347    1.34286    39.29151     
0.97347    1.35714    41.39447     
0.97347    1.37143    43.57199     
0.97347    1.38571    45.82396     
0.97347    1.40000    48.15030     

0.97959    0.70000    31.56511     
0.97959    0.71429    29.45638     
0.97959    0.72857    27.47927     
0.97959    0.74286    25.63061     
0.97959    0.75714    23.90738     
0.97959    0.77143    22.30667     
0.97959    0.78571    20.82573     
0.97959    0.80000    19.46190     
0.97959    0.81429    18.21268     
0.97959    0.82857    17.07566     
0.97959    0.84286    16.04854     
0.97959    0.85714    15.12913     
0.97959    0.87143    14.31535     
0.97959    0.88571    13.60522     
0.97959    0.90000    12.99684     
0.97959    0.91429    12.48839     
0.97959    0.92857    12.07817     
0.97959    0.94286    11.76453     
0.97959    0.95714    11.54592     
0.97959    0.97143    11.42084     
0.97959    0.98571    11.38788     
0.97959    1.00000    11.44571     
0.97959    1.01429    11.59304     
0.97959    1.02857    11.82865     
0.97959    1.04286    12.15140     
0.97959    1.05714    12.56019     
0.97959    1.07143    13.05399     
0.97959    1.08571    13.63180     
0.97959    1.10000    14.29270     
0.97959    1.11429    15.03582     
0.97959    1.12857    15.86032     
0.97959    1.14286    16.76542     
0.97959    1.15714    17.75038     
0.97959    1.17143    18.81452     
0.97959    1.18571    19.95720     
0.97959    1.20000    21.17779     
0.97959    1.21429    22.47575     
0.97959    1.22857    23.85056     
0.97959    1.24286    25.30171     
0.97959    1.25714    26.82878     
0.97959    1.27143    28.43135     
0.97959    1.28571    30.10906     
0.97959    1.30000    31.86155     
0.97959    1.31429    33.68854     
0.97959    1.32857    35.58976     
0.97959    1.34286    37.56497     
0.97959    1.35714    39.61398     
0.97959    1.37143    41.73660     
0.97959    1.38571    43.93272     
0.97959    1.40000    46.20222     

0.98571    0.70000    31.63826     
0.98571    0.71429    29.49847     
0.98571    0.72857    27.49047     
0.98571    0.74286    25.61103     
0.98571    0.75714    23.85707     
0.98571    0.77143    22.22564     
0.98571    0.78571    20.71392     
0.98571    0.80000    19.31924     
0.98571    0.81429    18.03903     
0.98571    0.82857    16.87085     
0.98571    0.84286    15.81238     
0.98571    0.85714    14.86137     
0.98571    0.87143    14.01574     
0.98571    0.88571    13.27344     
0.98571    0.90000    12.63257     
0.98571    0.91429    12.09130     
0.98571    0.92857    11.64786     
0.98571    0.94286    11.30062     
0.98571    0.95714    11.04798     
0.98571    0.97143    10.88843     
0.98571    0.98571    10.82055     
0.98571    1.00000    10.84297     
0.98571    1.01429    10.95439     
0.98571    1.02857    11.15359     
0.98571    1.04286    11.43939     
0.98571    1.05714    11.81068     
0.98571    1.07143    12.26641     
0.98571    1.08571    12.80558     
0.98571    1.10000    13.42724     
0.98571    1.11429    14.13050     
0.98571    1.12857    14.91451     
0.98571    1.14286    15.77848     
0.98571    1.15714    16.72166     
0.98571    1.17143    17.74335     
0.98571    1.18571    18.84287     
0.98571    1.20000    20.01961     
0.98571    1.21429    21.27299     
0.98571    1.22857    22.60248     
0.98571    1.24286    24.00757     
0.98571    1.25714    25.48780     
0.98571    1.27143    27.04274     
0.98571    1.28571    28.67202     
0.98571    1.30000    30.37527     
0.98571    1.31429    32.15217     
0.98571    1.32857    34.00245     
0.98571    1.34286    35.92584     
0.98571    1.35714    37.92214     
0.98571    1.37143    39.99115     
0.98571    1.38571    42.13271     
0.98571    1.40000    44.34671     

0.99184    0.70000    31.76518     
0.99184    0.71429    29.59458     
0.99184    0.72857    27.55598     
0.99184    0.74286    25.64607     
0.99184    0.75714    23.86172     
0.99184    0.77143    22.19994     
0.99184    0.78571    20.65786     
0.99184    0.80000    19.23275     
0.99184    0.81429    17.92200     
0.99184    0.82857    16.72315     
0.99184    0.84286    15.63380     
0.99184    0.85714    14.65173     
0.99184    0.87143    13.77476     
0.99184    0.88571    13.00087     
0.99184    0.90000    12.32809     
0.99184    0.91429    11.75457     
0.99184    0.92857    11.27854     
0.99184    0.94286    10.89832     
0.99184    0.95714    10.61230     
0.99184    0.97143    10.41895     
0.99184    0.98571    10.31682     
0.99184    1.00000    10.30453     
0.99184    1.01429    10.38077     
0.99184    1.02857    10.54428     
0.99184    1.04286    10.79387     
0.99184    1.05714    11.12843     
0.99184    1.07143    11.54688     
0.99184    1.08571    12.04820     
0.99184    1.10000    12.63143     
0.99184    1.11429    13.29567     
0.99184    1.12857    14.04005     
0.99184    1.14286    14.86377     
0.99184    1.15714    15.76605     
0.99184    1.17143    16.74618     
0.99184    1.18571    17.80347     
0.99184    1.20000    18.93731     
0.99184    1.21429    20.14708     
0.99184    1.22857    21.43224     
0.99184    1.24286    22.79227     
0.99184    1.25714    24.22669     
0.99184    1.27143    25.73507     
0.99184    1.28571    27.31699     
0.99184    1.30000    28.97210     
0.99184    1.31429    30.70004     
0.99184    1.32857    32.50053     
0.99184    1.34286    34.37329     
0.99184    1.35714    36.31808     
0.99184    1.37143    38.33471     
0.99184    1.38571    40.42294     
0.99184    1.40000    42.58263     

0.99796    0.70000    31.94592     
0.99796    0.71429    29.74476     
0.99796    0.72857    27.67582     
0.99796    0.74286    25.73574     
0.99796    0.75714    23.92135     
0.99796    0.77143    22.22957     
0.99796    0.78571    20.65751     
0.99796    0.80000    19.20238     
0.99796    0.81429    17.86154     
0.99796    0.82857    16.63246     
0.99796    0.84286    15.51274     
0.99796    0.85714    14.50009     
0.99796    0.87143    13.59232     
0.99796    0.88571    12.78737     
0.99796    0.90000    12.08324     
0.99796    0.91429    11.47807     
0.99796    0.92857    10.97004     
0.99796    0.94286    10.55746     
0.99796    0.95714    10.23869     
0.99796    0.97143    10.01219     
0.99796    0.98571    9.87648     
0.99796    1.00000    9.83016     
0.99796    1.01429    9.87191     
0.99796    1.02857    10.00045     
0.99796    1.04286    10.21457     
0.99796    1.05714    10.51314     
0.99796    1.07143    10.89507     
0.99796    1.08571    11.35932     
0.99796    1.10000    11.90492     
0.99796    1.11429    12.53095     
0.99796    1.12857    13.23654     
0.99796    1.14286    14.02084     
0.99796    1.15714    14.88309     
0.99796    1.17143    15.82256     
0.99796    1.18571    16.83853     
0.99796    1.20000    17.93038     
0.99796    1.21429    19.09748     
0.99796    1.22857    20.33928     
0.99796    1.24286    21.65524     
0.99796    1.25714    23.04486     
0.99796    1.27143    24.50769     
0.99796    1.28571    26.04332     
0.99796    1.30000    27.65135     
0.99796    1.31429    29.33143     
0.99796    1.32857    31.08325     
0.99796    1.34286    32.90650     
0.99796    1.35714    34.80091     
0.99796    1.37143    36.76625     
0.99796    1.38571    38.80231     
0.99796    1.40000    40.90893     

1.00408    0.70000    32.18057     
1.00408    0.71429    29.94906     
1.00408    0.72857    27.85003     
1.00408    0.74286    25.88008     
1.00408    0.75714    24.03594     
1.00408    0.77143    22.31452     
1.00408    0.78571    20.71285     
1.00408    0.80000    19.22810     
1.00408    0.81429    17.85758     
1.00408    0.82857    16.59872     
1.00408    0.84286    15.44909     
1.00408    0.85714    14.40636     
1.00408    0.87143    13.46830     
1.00408    0.88571    12.63282     
1.00408    0.90000    11.89790     
1.00408    0.91429    11.26163     
1.00408    0.92857    10.72219     
1.00408    0.94286    10.27785     
1.00408    0.95714    9.92695     
1.00408    0.97143    9.66793     
1.00408    0.98571    9.49930     
1.00408    1.00000    9.41963     
1.00408    1.01429    9.42757     
1.00408    1.02857    9.52183     
1.00408    1.04286    9.70120     
1.00408    1.05714    9.96451     
1.00408    1.07143    10.31067     
1.00408    1.08571    10.73862     
1.00408    1.10000    11.24737     
1.00408    1.11429    11.83599     
1.00408    1.12857    12.50359     
1.00408    1.14286    13.24932     
1.00408    1.15714    14.07238     
1.00408    1.17143    14.97204     
1.00408    1.18571    15.94758     
1.00408    1.20000    16.99834     
1.00408    1.21429    18.12370     
1.00408    1.22857    19.32307     
1.00408    1.24286    20.59591     
1.00408    1.25714    21.94171     
1.00408    1.27143    23.36000     
1.00408    1.28571    24.85035     
1.00408    1.30000    26.41235     
1.00408    1.31429    28.04562     
1.00408    1.32857    29.74981     
1.00408    1.34286    31.52462     
1.00408    1.35714    33.36976     
1.00408    1.37143    35.28498     
1.00408    1.38571    37.27005     
1.00408    1.40000    39.32480     

1.01020    0.70000    32.46919     
1.01020    0.71429    30.20753     
1.01020    0.72857    28.07866     
1.01020    0.74286    26.07909     
1.01020    0.75714    24.20552     
1.01020    0.77143    22.45478     
1.01020    0.78571    20.82385     
1.01020    0.80000    19.30986     
1.01020    0.81429    17.91007     
1.01020    0.82857    16.62188     
1.01020    0.84286    15.44279     
1.01020    0.85714    14.37045     
1.01020    0.87143    13.40260     
1.01020    0.88571    12.53710     
1.01020    0.90000    11.77192     
1.01020    0.91429    11.10512     
1.01020    0.92857    10.53484     
1.01020    0.94286    10.05932     
1.01020    0.95714    9.67691     
1.01020    0.97143    9.38600     
1.01020    0.98571    9.18507     
1.01020    1.00000    9.07270     
1.01020    1.01429    9.04750     
1.01020    1.02857    9.10818     
1.01020    1.04286    9.25349     
1.01020    1.05714    9.48227     
1.01020    1.07143    9.79338     
1.01020    1.08571    10.18578     
1.01020    1.10000    10.65845     
1.01020    1.11429    11.21043     
1.01020    1.12857    11.84083     
1.01020    1.14286    12.54879     
1.01020    1.15714    13.33350     
1.01020    1.17143    14.19420     
1.01020    1.18571    15.13017     
1.01020    1.20000    16.14072     
1.01020    1.21429    17.22523     
1.01020    1.22857    18.38309     
1.01020    1.24286    19.61375     
1.01020    1.25714    20.91668     
1.01020    1.27143    22.29141     
1.01020    1.28571    23.73746     
1.01020    1.30000    25.25442     
1.01020    1.31429    26.84189     
1.01020    1.32857    28.49950     
1.01020    1.34286    30.22693     
1.01020    1.35714    32.02388     
1.01020    1.37143    33.89009     
1.01020    1.38571    35.82532     
1.01020    1.40000    37.82936     

1.01633    0.70000    32.81189     
1.01633    0.71429    30.52026     
1.01633    0.72857    28.36175     
1.01633    0.74286    26.33283     
1.01633    0.75714    24.43010     
1.01633    0.77143    22.65035     
1.01633    0.78571    20.99051     
1.01633    0.80000    19.44765     
1.01633    0.81429    18.01899     
1.01633    0.82857    16.70187     
1.01633    0.84286    15.49376     
1.01633    0.85714    14.39227     
1.01633    0.87143    13.39512     
1.01633    0.88571    12.50011     
1.01633    0.90000    11.70519     
1.01633    0.91429    11.00839     
1.01633    0.92857    10.40783     
1.01633    0.94286    9.90172     
1.01633    0.95714    9.48838     
1.01633    0.97143    9.16618     
1.01633    0.98571    8.93359     
1.01633    1.00000    8.78915     
1.01633    1.01429    8.73148     
1.01633    1.02857    8.75924     
1.01633    1.04286    8.87119     
1.01633    1.05714    9.06612     
1.01633    1.07143    9.34291     
1.01633    1.08571    9.70048     
1.01633    1.10000    10.13781     
1.01633    1.11429    10.65393     
1.01633    1.12857    11.24791     
1.01633    1.14286    11.91890     
1.01633    1.15714    12.66606     
1.01633    1.17143    13.48863     
1.01633    1.18571    14.38586     
1.01633    1.20000    15.35707     
1.01633    1.21429    16.40159     
1.01633    1.22857    17.51883     
1.01633    1.24286    18.70823     
1.01633    1.25714    19.96923     
1.01633    1.27143    21.30133     
1.01633    1.28571    22.70404     
1.01633    1.30000    24.17693     
1.01633    1.31429    25.71958     
1.01633    1.32857    27.33162     
1.01633    1.34286    29.01271     
1.01633    1.35714    30.76253     
1.01633    1.37143    32.58080     
1.01633    1.38571    34.46728     
1.01633    1.40000    36.42175     

1.02245    0.70000    33.20874     
1.02245    0.71429    30.88731     
1.02245    0.72857    28.69937     
1.02245    0.74286    26.64132     
1.02245    0.75714    24.70971     
1.02245    0.77143    22.90125     
1.02245    0.78571    21.21282     
1.02245    0.80000    19.64144     
1.02245    0.81429    18.18428     
1.02245    0.82857    16.83864     
1.02245    0.84286    15.60194     
1.02245    0.85714    14.47176     
1.02245    0.87143    13.44576     
1.02245    0.88571    12.52173     
1.02245    0.90000    11.69759     
1.02245    0.91429    10.97131     
1.02245    0.92857    10.34101     
1.02245    0.94286    9.80488     
1.02245    0.95714    9.36118     
1.02245    0.97143    9.00830     
1.02245    0.98571    8.74466     
1.02245    1.00000    8.56878     
1.02245    1.01429    8.47927     
1.02245    1.02857    8.47477     
1.02245    1.04286    8.55402     
1.02245    1.05714    8.71581     
1.02245    1.07143    8.95898     
1.02245    1.08571    9.28244     
1.02245    1.10000    9.68516     
1.02245    1.11429    10.16615     
1.02245    1.12857    10.72448     
1.02245    1.14286    11.35927     
1.02245    1.15714    12.06967     
1.02245    1.17143    12.85489     
1.02245    1.18571    13.71417     
1.02245    1.20000    14.64686     
1.02245    1.21429    15.65230     
1.02245    1.22857    16.72983     
1.02245    1.24286    17.87886     
1.02245    1.25714    19.09882     
1.02245    1.27143    20.38920     
1.02245    1.28571    21.74949     
1.02245    1.30000    23.17925     
1.02245    1.31429    24.67805     
1.02245    1.32857    26.24550     
1.02245    1.34286    27.88125     
1.02245    1.35714    29.58496     
1.02245    1.37143    31.35635     
1.02245    1.38571    33.19516     
1.02245    1.40000    35.10114     

1.02857    0.70000    33.65985     
1.02857    0.71429    31.30877     
1.02857    0.72857    29.09158     
1.02857    0.74286    27.00462     
1.02857    0.75714    25.04437     
1.02857    0.77143    23.20748     
1.02857    0.78571    21.49077     
1.02857    0.80000    19.89121     
1.02857    0.81429    18.40592     
1.02857    0.82857    17.03214     
1.02857    0.84286    15.76727     
1.02857    0.85714    14.60882     
1.02857    0.87143    13.55443     
1.02857    0.88571    12.60187     
1.02857    0.90000    11.74899     
1.02857    0.91429    10.99376     
1.02857    0.92857    10.33425     
1.02857    0.94286    9.76864     
1.02857    0.95714    9.29516     
1.02857    0.97143    8.91216     
1.02857    0.98571    8.61807     
1.02857    1.00000    8.41138     
1.02857    1.01429    8.29065     
1.02857    1.02857    8.25454     
1.02857    1.04286    8.30175     
1.02857    1.05714    8.43106     
1.02857    1.07143    8.64129     
1.02857    1.08571    8.93135     
1.02857    1.10000    9.30017     
1.02857    1.11429    9.74677     
1.02857    1.12857    10.27019     
1.02857    1.14286    10.86942     
1.02857    1.15714    11.54380     
1.02857    1.17143    12.29249     
1.02857    1.18571    13.11474     
1.02857    1.20000    14.00980     
1.02857    1.21429    14.97698     
1.02857    1.22857    16.01563     
1.02857    1.24286    17.12514     
1.02857    1.25714    18.30493     
1.02857    1.27143    19.55446     
1.02857    1.28571    20.87324     
1.02857    1.30000    22.26078     
1.02857    1.31429    23.71667     
1.02857    1.32857    25.24049     
1.02857    1.34286    26.83187     
1.02857    1.35714    28.49048     
1.02857    1.37143    30.21601     
1.02857    1.38571    32.00818     
1.02857    1.40000    33.86674     

1.03469    0.70000    34.16534     
1.03469    0.71429    31.78472     
1.03469    0.72857    29.53846     
1.03469    0.74286    27.42278     
1.03469    0.75714    25.43412     
1.03469    0.77143    23.56907     
1.03469    0.78571    21.82438     
1.03469    0.80000    20.19696     
1.03469    0.81429    18.68387     
1.03469    0.82857    17.28233     
1.03469    0.84286    15.98968     
1.03469    0.85714    14.80339     
1.03469    0.87143    13.72106     
1.03469    0.88571    12.74042     
1.03469    0.90000    11.85928     
1.03469    0.91429    11.07560     
1.03469    0.92857    10.38741     
1.03469    0.94286    9.79285     
1.03469    0.95714    9.29014     
1.03469    0.97143    8.87761     
1.03469    0.98571    8.55365     
1.03469    1.00000    8.31673     
1.03469    1.01429    8.16541     
1.03469    1.02857    8.09832     
1.03469    1.04286    8.11414     
1.03469    1.05714    8.21162     
1.03469    1.07143    8.38959     
1.03469    1.08571    8.64693     
1.03469    1.10000    8.98239     
1.03469    1.11429    9.39518     
1.03469    1.12857    9.88437     
1.03469    1.14286    10.44902     
1.03469    1.15714    11.08827     
1.03469    1.17143    11.80128     
1.03469    1.18571    12.58725     
1.03469    1.20000    13.44545     
1.03469    1.21429    14.37518     
1.03469    1.22857    15.37576     
1.03469    1.24286    16.44657     
1.03469    1.25714    17.58703     
1.03469    1.27143    18.79658     
1.03469    1.28571    20.07472     
1.03469    1.30000    21.42095     
1.03469    1.31429    22.83484     
1.03469    1.32857    24.31596     
1.03469    1.34286    25.86393     
1.03469    1.35714    27.47841     
1.03469    1.37143    29.15907     
1.03469    1.38571    30.90562     
1.03469    1.40000    32.71780     

1.04082    0.70000    34.72532     
1.04082    0.71429    32.31528     
1.04082    0.72857    30.04007     
1.04082    0.74286    27.89586     
1.04082    0.75714    25.87901     
1.04082    0.77143    23.98604     
1.04082    0.78571    22.21364     
1.04082    0.80000    20.55866     
1.04082    0.81429    19.01813     
1.04082    0.82857    17.58919     
1.04082    0.84286    16.26913     
1.04082    0.85714    15.05541     
1.04082    0.87143    13.94556     
1.04082    0.88571    12.93729     
1.04082    0.90000    12.02837     
1.04082    0.91429    11.21672     
1.04082    0.92857    10.50036     
1.04082    0.94286    9.87737     
1.04082    0.95714    9.34598     
1.04082    0.97143    8.90446     
1.04082    0.98571    8.55120     
1.04082    1.00000    8.28465     
1.04082    1.01429    8.10335     
1.04082    1.02857    8.00588     
1.04082    1.04286    7.99094     
1.04082    1.05714    8.05701     
1.04082    1.07143    8.20317     
1.04082    1.08571    8.42833     
1.04082    1.10000    8.73141     
1.04082    1.11429    9.11136     
1.04082    1.12857    9.56719     
1.04082    1.14286    10.09797     
1.04082    1.15714    10.70281     
1.04082    1.17143    11.38085     
1.04082    1.18571    12.13130     
1.04082    1.20000    12.95341     
1.04082    1.21429    13.84645     
1.04082    1.22857    14.80975     
1.04082    1.24286    15.84268     
1.04082    1.25714    16.94463     
1.04082    1.27143    18.11505     
1.04082    1.28571    19.35340     
1.04082    1.30000    20.65919     
1.04082    1.31429    22.03197     
1.04082    1.32857    23.47131     
1.04082    1.34286    24.97680     
1.04082    1.35714    26.54810     
1.04082    1.37143    28.18486     
1.04082    1.38571    29.88677     
1.04082    1.40000    31.65357     

1.04694    0.70000    35.33991     
1.04694    0.71429    32.90054     
1.04694    0.72857    30.59652     
1.04694    0.74286    28.42394     
1.04694    0.75714    26.37909     
1.04694    0.77143    24.45843     
1.04694    0.78571    22.65858     
1.04694    0.80000    20.97634     
1.04694    0.81429    19.40867     
1.04694    0.82857    17.95267     
1.04694    0.84286    16.60559     
1.04694    0.85714    15.36481     
1.04694    0.87143    14.22787     
1.04694    0.88571    13.19240     
1.04694    0.90000    12.25615     
1.04694    0.91429    11.41702     
1.04694    0.92857    10.67296     
1.04694    0.94286    10.02207     
1.04694    0.95714    9.46251     
1.04694    0.97143    8.99256     
1.04694    0.98571    8.61056     
1.04694    1.00000    8.31495     
1.04694    1.01429    8.10391     
1.04694    1.02857    7.97637     
1.04694    1.04286    7.93107     
1.04694    1.05714    7.96671     
1.04694    1.07143    8.08209     
1.04694    1.08571    8.27602     
1.04694    1.10000    8.54739     
1.04694    1.11429    8.89516     
1.04694    1.12857    9.31832     
1.04694    1.14286    9.81591     
1.04694    1.15714    10.38703     
1.04694    1.17143    11.03083     
1.04694    1.18571    11.74649     
1.04694    1.20000    12.53325     
1.04694    1.21429    13.39037     
1.04694    1.22857    14.31717     
1.04694    1.24286    15.31300     
1.04694    1.25714    16.37725     
1.04694    1.27143    17.50935     
1.04694    1.28571    18.70875     
1.04694    1.30000    19.97496     
1.04694    1.31429    21.30751     
1.04694    1.32857    22.70594     
1.04694    1.34286    24.16987     
1.04694    1.35714    25.69890     
1.04694    1.37143    27.29270     
1.04694    1.38571    28.95095     
1.04694    1.40000    30.67336     

1.05306    0.70000    36.00927     
1.05306    0.71429    33.54062     
1.05306    0.72857    31.20789     
1.05306    0.74286    29.00709     
1.05306    0.75714    26.93442     
1.05306    0.77143    24.98628     
1.05306    0.78571    23.15922     
1.05306    0.80000    21.44999     
1.05306    0.81429    19.85549     
1.05306    0.82857    18.37275     
1.05306    0.84286    16.99900     
1.05306    0.85714    15.73156     
1.05306    0.87143    14.56791     
1.05306    0.88571    13.50566     
1.05306    0.90000    12.54254     
1.05306    0.91429    11.67637     
1.05306    0.92857    10.90511     
1.05306    0.94286    10.22680     
1.05306    0.95714    9.63956     
1.05306    0.97143    9.14120     
1.05306    0.98571    8.73061     
1.05306    1.00000    8.40621     
1.05306    1.01429    8.16648     
1.05306    1.02857    8.00998     
1.05306    1.04286    7.93533     
1.05306    1.05714    7.94123     
1.05306    1.07143    8.02642     
1.05306    1.08571    8.18974     
1.05306    1.10000    8.43005     
1.05306    1.11429    8.74628     
1.05306    1.12857    9.13741     
1.05306    1.14286    9.60249     
1.05306    1.15714    10.14059     
1.05306    1.17143    10.75085     
1.05306    1.18571    11.43243     
1.05306    1.20000    12.18457     
1.05306    1.21429    13.00651     
1.05306    1.22857    13.89757     
1.05306    1.24286    14.85708     
1.05306    1.25714    15.88442     
1.05306    1.27143    16.97900     
1.05306    1.28571    18.14028     
1.05306    1.30000    19.36774     
1.05306    1.31429    20.66090     
1.05306    1.32857    22.01931     
1.05306    1.34286    23.44254     
1.05306    1.35714    24.93022     
1.05306    1.37143    26.48198     
1.05306    1.38571    28.09750     
1.05306    1.40000    29.77648     

1.05918    0.70000    36.73353     
1.05918    0.71429    34.23566     
1.05918    0.72857    31.87430     
1.05918    0.74286    29.64539     
1.05918    0.75714    27.54507     
1.05918    0.77143    25.56964     
1.05918    0.78571    23.71560     
1.05918    0.80000    21.97964     
1.05918    0.81429    20.35858     
1.05918    0.82857    18.84943     
1.05918    0.84286    17.44934     
1.05918    0.85714    16.15559     
1.05918    0.87143    14.96563     
1.05918    0.88571    13.87701     
1.05918    0.90000    12.88743     
1.05918    0.91429    11.99418     
1.05918    0.92857    11.19565     
1.05918    0.94286    10.48999     
1.05918    0.95714    9.87531     
1.05918    0.97143    9.34982     
1.05918    0.98571    8.91182     
1.05918    1.00000    8.55970     
1.05918    1.01429    8.29192     
1.05918    1.02857    8.10701     
1.05918    1.04286    8.00357     
1.05918    1.05714    7.98029     
1.05918    1.07143    8.03591     
1.05918    1.08571    8.16922     
1.05918    1.10000    8.37907     
1.05918    1.11429    8.66440     
1.05918    1.12857    9.02417     
1.05918    1.14286    9.45739     
1.05918    1.15714    9.96314     
1.05918    1.17143    10.54054     
1.05918    1.18571    11.18875     
1.05918    1.20000    11.90698     
1.05918    1.21429    12.69448     
1.05918    1.22857    13.55054     
1.05918    1.24286    14.47448     
1.05918    1.25714    15.46568     
1.05918    1.27143    16.52353     
1.05918    1.28571    17.64749     
1.05918    1.30000    18.83701     
1.05918    1.31429    20.09162     
1.05918    1.32857    21.41084     
1.05918    1.34286    22.79426     
1.05918    1.35714    24.24146     
1.05918    1.37143    25.75208     
1.05918    1.38571    27.32579     
1.05918    1.40000    28.96226     

1.06531    0.70000    37.51285     
1.06531    0.71429    34.98578     
1.06531    0.72857    32.59586     
1.06531    0.74286    30.33895     
1.06531    0.75714    28.21111     
1.06531    0.77143    26.20857     
1.06531    0.78571    24.32776     
1.06531    0.80000    22.56530     
1.06531    0.81429    20.91796     
1.06531    0.82857    19.38269     
1.06531    0.84286    17.95606     
1.06531    0.85714    16.63583     
1.06531    0.87143    15.41943     
1.06531    0.88571    14.30440     
1.06531    0.90000    13.28839     
1.06531    0.91429    12.36918     
1.06531    0.92857    11.54465     
1.06531    0.94286    10.81280     
1.06531    0.95714    10.17171     
1.06531    0.97143    9.61957     
1.06531    0.98571    9.15465     
1.06531    1.00000    8.77532     
1.06531    1.01429    8.48000     
1.06531    1.02857    8.26722     
1.06531    1.04286    8.13555     
1.06531    1.05714    8.08367     
1.06531    1.07143    8.11028     
1.06531    1.08571    8.21417     
1.06531    1.10000    8.39419     
1.06531    1.11429    8.64923     
1.06531    1.12857    8.97826     
1.06531    1.14286    9.38028     
1.06531    1.15714    9.85434     
1.06531    1.17143    10.39956     
1.06531    1.18571    11.01509     
1.06531    1.20000    11.70011     
1.06531    1.21429    12.45387     
1.06531    1.22857    13.27566     
1.06531    1.24286    14.16477     
1.06531    1.25714    15.12058     
1.06531    1.27143    16.14248     
1.06531    1.28571    17.22990     
1.06531    1.30000    18.38229     
1.06531    1.31429    19.59915     
1.06531    1.32857    20.88003     
1.06531    1.34286    22.22446     
1.06531    1.35714    23.63205     
1.06531    1.37143    25.10241     
1.06531    1.38571    26.63519     
1.06531    1.40000    28.23007     

1.07143    0.70000    38.34337     
1.07143    0.71429    35.78769     
1.07143    0.72857    33.36967     
1.07143    0.74286    31.08509     
1.07143    0.75714    28.92995     
1.07143    0.77143    26.90045     
1.07143    0.78571    24.99296     
1.07143    0.80000    23.20405     
1.07143    0.81429    21.53047     
1.07143    0.82857    19.96911     
1.07143    0.84286    18.51705     
1.07143    0.85714    17.17149     
1.07143    0.87143    15.92980     
1.07143    0.88571    14.78946     
1.07143    0.90000    13.74808     
1.07143    0.91429    12.80340     
1.07143    0.92857    11.95328     
1.07143    0.94286    11.19566     
1.07143    0.95714    10.52861     
1.07143    0.97143    9.95028     
1.07143    0.98571    9.45892     
1.07143    1.00000    9.05287     
1.07143    1.01429    8.73053     
1.07143    1.02857    8.49040     
1.07143    1.04286    8.33104     
1.07143    1.05714    8.25110     
1.07143    1.07143    8.24928     
1.07143    1.08571    8.32434     
1.07143    1.10000    8.47511     
1.07143    1.11429    8.70048     
1.07143    1.12857    8.99939     
1.07143    1.14286    9.37084     
1.07143    1.15714    9.81387     
1.07143    1.17143    10.32756     
1.07143    1.18571    10.91107     
1.07143    1.20000    11.56358     
1.07143    1.21429    12.28431     
1.07143    1.22857    13.07253     
1.07143    1.24286    13.92755     
1.07143    1.25714    14.84872     
1.07143    1.27143    15.83541     
1.07143    1.28571    16.88705     
1.07143    1.30000    18.00309     
1.07143    1.31429    19.18301     
1.07143    1.32857    20.42634     
1.07143    1.34286    21.73261     
1.07143    1.35714    23.10143     
1.07143    1.37143    24.53238     
1.07143    1.38571    26.02511     
1.07143    1.40000    27.57929     

1.07755    0.70000    39.22861     
1.07755    0.71429    36.64383     
1.07755    0.72857    34.19746     
1.07755    0.74286    31.88521     
1.07755    0.75714    29.70298     
1.07755    0.77143    27.64689     
1.07755    0.78571    25.71323     
1.07755    0.80000    23.89851     
1.07755    0.81429    22.19939     
1.07755    0.82857    20.61272     
1.07755    0.84286    19.13551     
1.07755    0.85714    17.76490     
1.07755    0.87143    16.49822     
1.07755    0.88571    15.33289     
1.07755    0.90000    14.26650     
1.07755    0.91429    13.29673     
1.07755    0.92857    12.42140     
1.07755    0.94286    11.63843     
1.07755    0.95714    10.94585     
1.07755    0.97143    10.34179     
1.07755    0.98571    9.82445     
1.07755    1.00000    9.39216     
1.07755    1.01429    9.04329     
1.07755    1.02857    8.77633     
1.07755    1.04286    8.58981     
1.07755    1.05714    8.48236     
1.07755    1.07143    8.45266     
1.07755    1.08571    8.49946     
1.07755    1.10000    8.62157     
1.07755    1.11429    8.81786     
1.07755    1.12857    9.08727     
1.07755    1.14286    9.42877     
1.07755    1.15714    9.84139     
1.07755    1.17143    10.32422     
1.07755    1.18571    10.87637     
1.07755    1.20000    11.49704     
1.07755    1.21429    12.18542     
1.07755    1.22857    12.94078     
1.07755    1.24286    13.76241     
1.07755    1.25714    14.64965     
1.07755    1.27143    15.60188     
1.07755    1.28571    16.61849     
1.07755    1.30000    17.69894     
1.07755    1.31429    18.84270     
1.07755    1.32857    20.04927     
1.07755    1.34286    21.31821     
1.07755    1.35714    22.64906     
1.07755    1.37143    24.04145     
1.07755    1.38571    25.49498     
1.07755    1.40000    27.00933     

1.08367    0.70000    40.17037     
1.08367    0.71429    37.55640     
1.08367    0.72857    35.08166     
1.08367    0.74286    32.74174     
1.08367    0.75714    30.53247     
1.08367    0.77143    28.44986     
1.08367    0.78571    26.49015     
1.08367    0.80000    24.64976     
1.08367    0.81429    22.92529     
1.08367    0.82857    21.31351     
1.08367    0.84286    19.81138     
1.08367    0.85714    18.41600     
1.08367    0.87143    17.12462     
1.08367    0.88571    15.93462     
1.08367    0.90000    14.84355     
1.08367    0.91429    13.84905     
1.08367    0.92857    12.94890     
1.08367    0.94286    12.14098     
1.08367    0.95714    11.42329     
1.08367    0.97143    10.79392     
1.08367    0.98571    10.25106     
1.08367    1.00000    9.79300     
1.08367    1.01429    9.41810     
1.08367    1.02857    9.12481     
1.08367    1.04286    8.91164     
1.08367    1.05714    8.77721     
1.08367    1.07143    8.72018     
1.08367    1.08571    8.73928     
1.08367    1.10000    8.83330     
1.08367    1.11429    9.00111     
1.08367    1.12857    9.24160     
1.08367    1.14286    9.55377     
1.08367    1.15714    9.93661     
1.08367    1.17143    10.38919     
1.08367    1.18571    10.91065     
1.08367    1.20000    11.50012     
1.08367    1.21429    12.15683     
1.08367    1.22857    12.88001     
1.08367    1.24286    13.66895     
1.08367    1.25714    14.52299     
1.08367    1.27143    15.44147     
1.08367    1.28571    16.42379     
1.08367    1.30000    17.46940     
1.08367    1.31429    18.57776     
1.08367    1.32857    19.74836     
1.08367    1.34286    20.98073     
1.08367    1.35714    22.27444     
1.08367    1.37143    23.62907     
1.08367    1.38571    25.04424     
1.08367    1.40000    26.51959     

1.08980    0.70000    41.16880     
1.08980    0.71429    38.52554     
1.08980    0.72857    36.02236     
1.08980    0.74286    33.65476     
1.08980    0.75714    31.41846     
1.08980    0.77143    29.30941     
1.08980    0.78571    27.32375     
1.08980    0.80000    25.45782     
1.08980    0.81429    23.70815     
1.08980    0.82857    22.07147     
1.08980    0.84286    20.54465     
1.08980    0.85714    19.12473     
1.08980    0.87143    17.80892     
1.08980    0.88571    16.59456     
1.08980    0.90000    15.47914     
1.08980    0.91429    14.46025     
1.08980    0.92857    13.53565     
1.08980    0.94286    12.70317     
1.08980    0.95714    11.96077     
1.08980    0.97143    11.30653     
1.08980    0.98571    10.73859     
1.08980    1.00000    10.25523     
1.08980    1.01429    9.85476     
1.08980    1.02857    9.53563     
1.08980    1.04286    9.29633     
1.08980    1.05714    9.13544     
1.08980    1.07143    9.05161     
1.08980    1.08571    9.04355     
1.08980    1.10000    9.11005     
1.08980    1.11429    9.24993     
1.08980    1.12857    9.46211     
1.08980    1.14286    9.74554     
1.08980    1.15714    10.09921     
1.08980    1.17143    10.52218     
1.08980    1.18571    11.01356     
1.08980    1.20000    11.57250     
1.08980    1.21429    12.19819     
1.08980    1.22857    12.88987     
1.08980    1.24286    13.64681     
1.08980    1.25714    14.46832     
1.08980    1.27143    15.35377     
1.08980    1.28571    16.30253     
1.08980    1.30000    17.31403     
1.08980    1.31429    18.38773     
1.08980    1.32857    19.52311     
1.08980    1.34286    20.71970     
1.08980    1.35714    21.97704     
1.08980    1.37143    23.29472     
1.08980    1.38571    24.67234     
1.08980    1.40000    26.10954     

1.09592    0.70000    42.22404     
1.09592    0.71429    39.55137     
1.09592    0.72857    37.01967     
1.09592    0.74286    34.62435     
1.09592    0.75714    32.36104     
1.09592    0.77143    30.22558     
1.09592    0.78571    28.21404     
1.09592    0.80000    26.32269     
1.09592    0.81429    24.54798     
1.09592    0.82857    22.88656     
1.09592    0.84286    21.33526     
1.09592    0.85714    19.89105     
1.09592    0.87143    18.55108     
1.09592    0.88571    17.31264     
1.09592    0.90000    16.17317     
1.09592    0.91429    15.13024     
1.09592    0.92857    14.18153     
1.09592    0.94286    13.32487     
1.09592    0.95714    12.55817     
1.09592    0.97143    11.87946     
1.09592    0.98571    11.28688     
1.09592    1.00000    10.77865     
1.09592    1.01429    10.35310     
1.09592    1.02857    10.00860     
1.09592    1.04286    9.74366     
1.09592    1.05714    9.55682     
1.09592    1.07143    9.44671     
1.09592    1.08571    9.41204     
1.09592    1.10000    9.45156     
1.09592    1.11429    9.56409     
1.09592    1.12857    9.74853     
1.09592    1.14286    10.00380     
1.09592    1.15714    10.32890     
1.09592    1.17143    10.72287     
1.09592    1.18571    11.18481     
1.09592    1.20000    11.71384     
1.09592    1.21429    12.30917     
1.09592    1.22857    12.96999     
1.09592    1.24286    13.69560     
1.09592    1.25714    14.48528     
1.09592    1.27143    15.33838     
1.09592    1.28571    16.25428     
1.09592    1.30000    17.23239     
1.09592    1.31429    18.27216     
1.09592    1.32857    19.37307     
1.09592    1.34286    20.53463     
1.09592    1.35714    21.75638     
1.09592    1.37143    23.03789     
1.09592    1.38571    24.37876     
1.09592    1.40000    25.77861     

1.10204    0.70000    43.33626     
1.10204    0.71429    40.63403     
1.10204    0.72857    38.07372     
1.10204    0.74286    35.65062     
1.10204    0.75714    33.36027     
1.10204    0.77143    31.19843     
1.10204    0.78571    29.16107     
1.10204    0.80000    27.24440     
1.10204    0.81429    25.44478     
1.10204    0.82857    23.75879     
1.10204    0.84286    22.18320     
1.10204    0.85714    20.71491     
1.10204    0.87143    19.35103     
1.10204    0.88571    18.08879     
1.10204    0.90000    16.92558     
1.10204    0.91429    15.85892     
1.10204    0.92857    14.88646     
1.10204    0.94286    14.00597     
1.10204    0.95714    13.21534     
1.10204    0.97143    12.51258     
1.10204    0.98571    11.89577     
1.10204    1.00000    11.36313     
1.10204    1.01429    10.91292     
1.10204    1.02857    10.54354     
1.10204    1.04286    10.25344     
1.10204    1.05714    10.04115     
1.10204    1.07143    9.90528     
1.10204    1.08571    9.84451     
1.10204    1.10000    9.85759     
1.10204    1.11429    9.94332     
1.10204    1.12857    10.10058     
1.10204    1.14286    10.32827     
1.10204    1.15714    10.62539     
1.10204    1.17143    10.99096     
1.10204    1.18571    11.42406     
1.10204    1.20000    11.92382     
1.10204    1.21429    12.48941     
1.10204    1.22857    13.12004     
1.10204    1.24286    13.81496     
1.10204    1.25714    14.57348     
1.10204    1.27143    15.39492     
1.10204    1.28571    16.27865     
1.10204    1.30000    17.22408     
1.10204    1.31429    18.23064     
1.10204    1.32857    19.29780     
1.10204    1.34286    20.42508     
1.10204    1.35714    21.61198     
1.10204    1.37143    22.85809     
1.10204    1.38571    24.16298     
1.10204    1.40000    25.52628     

1.10816    0.70000    44.50564     
1.10816    0.71429    41.77368     
1.10816    0.72857    39.18462     
1.10816    0.74286    36.73367     
1.10816    0.75714    34.41625     
1.10816    0.77143    32.22803     
1.10816    0.78571    30.16491     
1.10816    0.80000    28.22298     
1.10816    0.81429    26.39857     
1.10816    0.82857    24.68816     
1.10816    0.84286    23.08845     
1.10816    0.85714    21.59630     
1.10816    0.87143    20.20874     
1.10816    0.88571    18.92296     
1.10816    0.90000    17.73629     
1.10816    0.91429    16.64621     
1.10816    0.92857    15.65032     
1.10816    0.94286    14.74636     
1.10816    0.95714    13.93218     
1.10816    0.97143    13.20575     
1.10816    0.98571    12.56512     
1.10816    1.00000    12.00848     
1.10816    1.01429    11.53408     
1.10816    1.02857    11.14026     
1.10816    1.04286    10.82547     
1.10816    1.05714    10.58822     
1.10816    1.07143    10.42709     
1.10816    1.08571    10.34075     
1.10816    1.10000    10.32791     
1.10816    1.11429    10.38738     
1.10816    1.12857    10.51801     
1.10816    1.14286    10.71869     
1.10816    1.15714    10.98840     
1.10816    1.17143    11.32616     
1.10816    1.18571    11.73103     
1.10816    1.20000    12.20212     
1.10816    1.21429    12.73859     
1.10816    1.22857    13.33966     
1.10816    1.24286    14.00455     
1.10816    1.25714    14.73256     
1.10816    1.27143    15.52300     
1.10816    1.28571    16.37525     
1.10816    1.30000    17.28868     
1.10816    1.31429    18.26273     
1.10816    1.32857    19.29687     
1.10816    1.34286    20.39058     
1.10816    1.35714    21.54338     
1.10816    1.37143    22.75483     
1.10816    1.38571    24.02452     
1.10816    1.40000    25.35203     

1.11429    0.70000    45.73239     
1.11429    0.71429    42.97049     
1.11429    0.72857    40.35254     
1.11429    0.74286    37.87363     
1.11429    0.75714    35.52908     
1.11429    0.77143    33.31447     
1.11429    0.78571    31.22561     
1.11429    0.80000    29.25850     
1.11429    0.81429    27.40938     
1.11429    0.82857    25.67468     
1.11429    0.84286    24.05101     
1.11429    0.85714    22.53519     
1.11429    0.87143    21.12417     
1.11429    0.88571    19.81509     
1.11429    0.90000    18.60523     
1.11429    0.91429    17.49202     
1.11429    0.92857    16.47303     
1.11429    0.94286    15.54594     
1.11429    0.95714    14.70856     
1.11429    0.97143    13.95884     
1.11429    0.98571    13.29479     
1.11429    1.00000    12.71457     
1.11429    1.01429    12.21639     
1.11429    1.02857    11.79859     
1.11429    1.04286    11.45958     
1.11429    1.05714    11.19783     
1.11429    1.07143    11.01194     
1.11429    1.08571    10.90052     
1.11429    1.10000    10.86229     
1.11429    1.11429    10.89603     
1.11429    1.12857    11.00056     
1.11429    1.14286    11.17479     
1.11429    1.15714    11.41767     
1.11429    1.17143    11.72819     
1.11429    1.18571    12.10541     
1.11429    1.20000    12.54843     
1.11429    1.21429    13.05641     
1.11429    1.22857    13.62852     
1.11429    1.24286    14.26402     
1.11429    1.25714    14.96216     
1.11429    1.27143    15.72227     
1.11429    1.28571    16.54369     
1.11429    1.30000    17.42580     
1.11429    1.31429    18.36804     
1.11429    1.32857    19.36984     
1.11429    1.34286    20.43070     
1.11429    1.35714    21.55013     
1.11429    1.37143    22.72766     
1.11429    1.38571    23.96288     
1.11429    1.40000    25.25538     

1.12041    0.70000    47.01670     
1.12041    0.71429    44.22465     
1.12041    0.72857    41.57764     
1.12041    0.74286    39.07064     
1.12041    0.75714    36.69889     
1.12041    0.77143    34.45785     
1.12041    0.78571    32.34324     
1.12041    0.80000    30.35099     
1.12041    0.81429    28.47725     
1.12041    0.82857    26.71837     
1.12041    0.84286    25.07089     
1.12041    0.85714    23.53157     
1.12041    0.87143    22.09729     
1.12041    0.88571    20.76515     
1.12041    0.90000    19.53236     
1.12041    0.91429    18.39630     
1.12041    0.92857    17.35450     
1.12041    0.94286    16.40460     
1.12041    0.95714    15.54438     
1.12041    0.97143    14.77173     
1.12041    0.98571    14.08465     
1.12041    1.00000    13.48124     
1.12041    1.01429    12.95971     
1.12041    1.02857    12.51836     
1.12041    1.04286    12.15557     
1.12041    1.05714    11.86981     
1.12041    1.07143    11.65962     
1.12041    1.08571    11.52362     
1.12041    1.10000    11.46050     
1.12041    1.11429    11.46903     
1.12041    1.12857    11.54801     
1.12041    1.14286    11.69632     
1.12041    1.15714    11.91291     
1.12041    1.17143    12.19676     
1.12041    1.18571    12.54691     
1.12041    1.20000    12.96246     
1.12041    1.21429    13.44253     
1.12041    1.22857    13.98631     
1.12041    1.24286    14.59303     
1.12041    1.25714    15.26194     
1.12041    1.27143    15.99235     
1.12041    1.28571    16.78360     
1.12041    1.30000    17.63507     
1.12041    1.31429    18.54616     
1.12041    1.32857    19.51632     
1.12041    1.34286    20.54502     
1.12041    1.35714    21.63178     
1.12041    1.37143    22.77612     
1.12041    1.38571    23.97760     
1.12041    1.40000    25.23583     

1.12653    0.70000    48.35883     
1.12653    0.71429    45.53637     
1.12653    0.72857    42.86009     
1.12653    0.74286    40.32486     
1.12653    0.75714    37.92580     
1.12653    0.77143    35.65828     
1.12653    0.78571    33.51790     
1.12653    0.80000    31.50053     
1.12653    0.81429    29.60223     
1.12653    0.82857    27.81926     
1.12653    0.84286    26.14811     
1.12653    0.85714    24.58544     
1.12653    0.87143    23.12809     
1.12653    0.88571    21.77309     
1.12653    0.90000    20.51761     
1.12653    0.91429    19.35898     
1.12653    0.92857    18.29466     
1.12653    0.94286    17.32227     
1.12653    0.95714    16.43954     
1.12653    0.97143    15.64431     
1.12653    0.98571    14.93456     
1.12653    1.00000    14.30837     
1.12653    1.01429    13.76390     
1.12653    1.02857    13.29942     
1.12653    1.04286    12.91329     
1.12653    1.05714    12.60396     
1.12653    1.07143    12.36994     
1.12653    1.08571    12.20985     
1.12653    1.10000    12.12234     
1.12653    1.11429    12.10615     
1.12653    1.12857    12.16010     
1.12653    1.14286    12.28303     
1.12653    1.15714    12.47388     
1.12653    1.17143    12.73162     
1.12653    1.18571    13.05527     
1.12653    1.20000    13.44391     
1.12653    1.21429    13.89667     
1.12653    1.22857    14.41271     
1.12653    1.24286    14.99126     
1.12653    1.25714    15.63156     
1.12653    1.27143    16.33290     
1.12653    1.28571    17.09463     
1.12653    1.30000    17.91609     
1.12653    1.31429    18.79670     
1.12653    1.32857    19.73589     
1.12653    1.34286    20.73313     
1.12653    1.35714    21.78791     
1.12653    1.37143    22.89976     
1.12653    1.38571    24.06823     
1.12653    1.40000    25.29291     

1.13265    0.70000    49.75901     
1.13265    0.71429    46.90586     
1.13265    0.72857    44.20010     
1.13265    0.74286    41.63646     
1.13265    0.75714    39.20996     
1.13265    0.77143    36.91587     
1.13265    0.78571    34.74970     
1.13265    0.80000    32.70721     
1.13265    0.81429    30.78437     
1.13265    0.82857    28.97740     
1.13265    0.84286    27.28267     
1.13265    0.85714    25.69680     
1.13265    0.87143    24.21656     
1.13265    0.88571    22.83891     
1.13265    0.90000    21.56097     
1.13265    0.91429    20.38001     
1.13265    0.92857    19.29345     
1.13265    0.94286    18.29886     
1.13265    0.95714    17.39393     
1.13265    0.97143    16.57648     
1.13265    0.98571    15.84442     
1.13265    1.00000    15.19582     
1.13265    1.01429    14.62879     
1.13265    1.02857    14.14160     
1.13265    1.04286    13.73256     
1.13265    1.05714    13.40011     
1.13265    1.07143    13.14273     
1.13265    1.08571    12.95900     
1.13265    1.10000    12.84758     
1.13265    1.11429    12.80719     
1.13265    1.12857    12.83661     
1.13265    1.14286    12.93468     
1.13265    1.15714    13.10032     
1.13265    1.17143    13.33249     
1.13265    1.18571    13.63019     
1.13265    1.20000    13.99250     
1.13265    1.21429    14.41852     
1.13265    1.22857    14.90742     
1.13265    1.24286    15.45839     
1.13265    1.25714    16.07069     
1.13265    1.27143    16.74359     
1.13265    1.28571    17.47641     
1.13265    1.30000    18.26852     
1.13265    1.31429    19.11930     
1.13265    1.32857    20.02818     
1.13265    1.34286    20.99462     
1.13265    1.35714    22.01810     
1.13265    1.37143    23.09815     
1.13265    1.38571    24.23431     
1.13265    1.40000    25.42616     

1.13878    0.70000    51.21752     
1.13878    0.71429    48.33337     
1.13878    0.72857    45.59786     
1.13878    0.74286    43.00562     
1.13878    0.75714    40.55153     
1.13878    0.77143    38.23076     
1.13878    0.78571    36.03873     
1.13878    0.80000    33.97111     
1.13878    0.81429    32.02377     
1.13878    0.82857    30.19284     
1.13878    0.84286    28.47463     
1.13878    0.85714    26.86568     
1.13878    0.87143    25.36270     
1.13878    0.88571    23.96259     
1.13878    0.90000    22.66239     
1.13878    0.91429    21.45934     
1.13878    0.92857    20.35081     
1.13878    0.94286    19.33431     
1.13878    0.95714    18.40749     
1.13878    0.97143    17.56813     
1.13878    0.98571    16.81412     
1.13878    1.00000    16.14346     
1.13878    1.01429    15.55427     
1.13878    1.02857    15.04476     
1.13878    1.04286    14.61324     
1.13878    1.05714    14.25808     
1.13878    1.07143    13.97778     
1.13878    1.08571    13.77089     
1.13878    1.10000    13.63604     
1.13878    1.11429    13.57192     
1.13878    1.12857    13.57731     
1.13878    1.14286    13.65104     
1.13878    1.15714    13.79199     
1.13878    1.17143    13.99912     
1.13878    1.18571    14.27142     
1.13878    1.20000    14.60795     
1.13878    1.21429    15.00780     
1.13878    1.22857    15.47013     
1.13878    1.24286    15.99412     
1.13878    1.25714    16.57901     
1.13878    1.27143    17.22407     
1.13878    1.28571    17.92861     
1.13878    1.30000    18.69199     
1.13878    1.31429    19.51358     
1.13878    1.32857    20.39279     
1.13878    1.34286    21.32909     
1.13878    1.35714    22.32195     
1.13878    1.37143    23.37088     
1.13878    1.38571    24.47542     
1.13878    1.40000    25.63514     

1.14490    0.70000    52.73466     
1.14490    0.71429    49.81916     
1.14490    0.72857    47.05362     
1.14490    0.74286    44.43254     
1.14490    0.75714    41.95068     
1.14490    0.77143    39.60311     
1.14490    0.78571    37.38514     
1.14490    0.80000    35.29234     
1.14490    0.81429    33.32049     
1.14490    0.82857    31.46564     
1.14490    0.84286    29.72403     
1.14490    0.85714    28.09211     
1.14490    0.87143    26.56653     
1.14490    0.88571    25.14411     
1.14490    0.90000    23.82186     
1.14490    0.91429    22.59694     
1.14490    0.92857    21.46668     
1.14490    0.94286    20.42854     
1.14490    0.95714    19.48013     
1.14490    0.97143    18.61918     
1.14490    0.98571    17.84354     
1.14490    1.00000    17.15119     
1.14490    1.01429    16.54021     
1.14490    1.02857    16.00877     
1.14490    1.04286    15.55516     
1.14490    1.05714    15.17773     
1.14490    1.07143    14.87494     
1.14490    1.08571    14.64533     
1.14490    1.10000    14.48751     
1.14490    1.11429    14.40014     
1.14490    1.12857    14.38199     
1.14490    1.14286    14.43187     
1.14490    1.15714    14.54865     
1.14490    1.17143    14.73127     
1.14490    1.18571    14.97870     
1.14490    1.20000    15.28999     
1.14490    1.21429    15.66423     
1.14490    1.22857    16.10055     
1.14490    1.24286    16.59814     
1.14490    1.25714    17.15621     
1.14490    1.27143    17.77403     
1.14490    1.28571    18.45090     
1.14490    1.30000    19.18615     
1.14490    1.31429    19.97918     
1.14490    1.32857    20.82937     
1.14490    1.34286    21.73617     
1.14490    1.35714    22.69907     
1.14490    1.37143    23.71754     
1.14490    1.38571    24.79114     
1.14490    1.40000    25.91941     

1.15102    0.70000    54.31072     
1.15102    0.71429    51.36351     
1.15102    0.72857    48.56762     
1.15102    0.74286    45.91744     
1.15102    0.75714    43.40761     
1.15102    0.77143    41.03309     
1.15102    0.78571    38.78907     
1.15102    0.80000    36.67102     
1.15102    0.81429    34.67465     
1.15102    0.82857    32.79590     
1.15102    0.84286    31.03093     
1.15102    0.85714    29.37613     
1.15102    0.87143    27.82806     
1.15102    0.88571    26.38349     
1.15102    0.90000    25.03937     
1.15102    0.91429    23.79279     
1.15102    0.92857    22.64103     
1.15102    0.94286    21.58151     
1.15102    0.95714    20.61178     
1.15102    0.97143    19.72954     
1.15102    0.98571    18.93260     
1.15102    1.00000    18.21890     
1.15102    1.01429    17.58648     
1.15102    1.02857    17.03349     
1.15102    1.04286    16.55818     
1.15102    1.05714    16.15889     
1.15102    1.07143    15.83404     
1.15102    1.08571    15.58215     
1.15102    1.10000    15.40180     
1.15102    1.11429    15.29166     
1.15102    1.12857    15.25045     
1.15102    1.14286    15.27697     
1.15102    1.15714    15.37007     
1.15102    1.17143    15.52869     
1.15102    1.18571    15.75178     
1.15102    1.20000    16.03837     
1.15102    1.21429    16.38754     
1.15102    1.22857    16.79841     
1.15102    1.24286    17.27016     
1.15102    1.25714    17.80198     
1.15102    1.27143    18.39314     
1.15102    1.28571    19.04293     
1.15102    1.30000    19.75068     
1.15102    1.31429    20.51575     
1.15102    1.32857    21.33754     
1.15102    1.34286    22.21549     
1.15102    1.35714    23.14905     
1.15102    1.37143    24.13773     
1.15102    1.38571    25.18105     
1.15102    1.40000    26.27856     

1.15714    0.70000    55.94607     
1.15714    0.71429    52.96672     
1.15714    0.72857    50.14014     
1.15714    0.74286    47.46056     
1.15714    0.75714    44.92253     
1.15714    0.77143    42.52087     
1.15714    0.78571    40.25066     
1.15714    0.80000    38.10728     
1.15714    0.81429    36.08634     
1.15714    0.82857    34.18369     
1.15714    0.84286    32.39540     
1.15714    0.85714    30.71778     
1.15714    0.87143    29.14734     
1.15714    0.88571    27.68075     
1.15714    0.90000    26.31491     
1.15714    0.91429    25.04686     
1.15714    0.92857    23.87382     
1.15714    0.94286    22.79316     
1.15714    0.95714    21.80238     
1.15714    0.97143    20.89914     
1.15714    0.98571    20.08121     
1.15714    1.00000    19.34648     
1.15714    1.01429    18.69298     
1.15714    1.02857    18.11880     
1.15714    1.04286    17.62218     
1.15714    1.05714    17.20142     
1.15714    1.07143    16.85492     
1.15714    1.08571    16.58118     
1.15714    1.10000    16.37875     
1.15714    1.11429    16.24627     
1.15714    1.12857    16.18247     
1.15714    1.14286    16.18611     
1.15714    1.15714    16.25603     
1.15714    1.17143    16.39115     
1.15714    1.18571    16.59041     
1.15714    1.20000    16.85282     
1.15714    1.21429    17.17746     
1.15714    1.22857    17.56343     
1.15714    1.24286    18.00988     
1.15714    1.25714    18.51603     
1.15714    1.27143    19.08111     
1.15714    1.28571    19.70441     
1.15714    1.30000    20.38524     
1.15714    1.31429    21.12296     
1.15714    1.32857    21.91696     
1.15714    1.34286    22.76667     
1.15714    1.35714    23.67155     
1.15714    1.37143    24.63107     
1.15714    1.38571    25.64476     
1.15714    1.40000    26.71215     

1.16327    0.70000    57.64104     
1.16327    0.71429    54.62911     
1.16327    0.72857    51.77145     
1.16327    0.74286    49.06217     
1.16327    0.75714    46.49567     
1.16327    0.77143    44.06665     
1.16327    0.78571    41.77011     
1.16327    0.80000    39.60129     
1.16327    0.81429    37.55570     
1.16327    0.82857    35.62912     
1.16327    0.84286    33.81752     
1.16327    0.85714    32.11714     
1.16327    0.87143    30.52439     
1.16327    0.88571    29.03591     
1.16327    0.90000    27.64850     
1.16327    0.91429    26.35916     
1.16327    0.92857    25.16504     
1.16327    0.94286    24.06346     
1.16327    0.95714    23.05189     
1.16327    0.97143    22.12792     
1.16327    0.98571    21.28929     
1.16327    1.00000    20.53385     
1.16327    1.01429    19.85959     
1.16327    1.02857    19.26458     
1.16327    1.04286    18.74701     
1.16327    1.05714    18.30517     
1.16327    1.07143    17.93743     
1.16327    1.08571    17.64224     
1.16327    1.10000    17.41816     
1.16327    1.11429    17.26381     
1.16327    1.12857    17.17786     
1.16327    1.14286    17.15909     
1.16327    1.15714    17.20631     
1.16327    1.17143    17.31842     
1.16327    1.18571    17.49435     
1.16327    1.20000    17.73311     
1.16327    1.21429    18.03373     
1.16327    1.22857    18.39533     
1.16327    1.24286    18.81705     
1.16327    1.25714    19.29807     
1.16327    1.27143    19.83763     
1.16327    1.28571    20.43500     
1.16327    1.30000    21.08950     
1.16327    1.31429    21.80047     
1.16327    1.32857    22.56728     
1.16327    1.34286    23.38937     
1.16327    1.35714    24.26617     
1.16327    1.37143    25.19717     
1.16327    1.38571    26.18187     
1.16327    1.40000    27.21981     

1.16939    0.70000    59.39604     
1.16939    0.71429    56.35103     
1.16939    0.72857    53.46188     
1.16939    0.74286    50.72253     
1.16939    0.75714    48.12727     
1.16939    0.77143    45.67066     
1.16939    0.78571    43.34759     
1.16939    0.80000    41.15319     
1.16939    0.81429    39.08287     
1.16939    0.82857    37.13230     
1.16939    0.84286    35.29739     
1.16939    0.85714    33.57428     
1.16939    0.87143    31.95930     
1.16939    0.88571    30.44901     
1.16939    0.90000    29.04016     
1.16939    0.91429    27.72968     
1.16939    0.92857    26.51467     
1.16939    0.94286    25.39239     
1.16939    0.95714    24.36026     
1.16939    0.97143    23.41582     
1.16939    0.98571    22.55677     
1.16939    1.00000    21.78093     
1.16939    1.01429    21.08623     
1.16939    1.02857    20.47073     
1.16939    1.04286    19.93257     
1.16939    1.05714    19.47002     
1.16939    1.07143    19.08142     
1.16939    1.08571    18.76520     
1.16939    1.10000    18.51989     
1.16939    1.11429    18.34408     
1.16939    1.12857    18.23644     
1.16939    1.14286    18.19571     
1.16939    1.15714    18.22071     
1.16939    1.17143    18.31029     
1.16939    1.18571    18.46338     
1.16939    1.20000    18.67898     
1.16939    1.21429    18.95611     
1.16939    1.22857    19.29387     
1.16939    1.24286    19.69137     
1.16939    1.25714    20.14782     
1.16939    1.27143    20.66241     
1.16939    1.28571    21.23443     
1.16939    1.30000    21.86316     
1.16939    1.31429    22.54795     
1.16939    1.32857    23.28818     
1.16939    1.34286    24.08324     
1.16939    1.35714    24.93258     
1.16939    1.37143    25.83567     
1.16939    1.38571    26.79200     
1.16939    1.40000    27.80112     

1.17551    0.70000    61.21148     
1.17551    0.71429    58.13287     
1.17551    0.72857    55.21175     
1.17551    0.74286    52.44195     
1.17551    0.75714    49.81759     
1.17551    0.77143    47.33313     
1.17551    0.78571    44.98331     
1.17551    0.80000    42.76317     
1.17551    0.81429    40.66800     
1.17551    0.82857    38.69338     
1.17551    0.84286    36.83512     
1.17551    0.85714    35.08928     
1.17551    0.87143    33.45211     
1.17551    0.88571    31.92010     
1.17551    0.90000    30.48992     
1.17551    0.91429    29.15845     
1.17551    0.92857    27.92271     
1.17551    0.94286    26.77993     
1.17551    0.95714    25.72745     
1.17551    0.97143    24.76278     
1.17551    0.98571    23.88358     
1.17551    1.00000    23.08762     
1.17551    1.01429    22.37280     
1.17551    1.02857    21.73713     
1.17551    1.04286    21.17874     
1.17551    1.05714    20.69584     
1.17551    1.07143    20.28675     
1.17551    1.08571    19.94990     
1.17551    1.10000    19.68376     
1.17551    1.11429    19.48692     
1.17551    1.12857    19.35802     
1.17551    1.14286    19.29579     
1.17551    1.15714    19.29901     
1.17551    1.17143    19.36654     
1.17551    1.18571    19.49728     
1.17551    1.20000    19.69021     
1.17551    1.21429    19.94435     
1.17551    1.22857    20.25877     
1.17551    1.24286    20.63260     
1.17551    1.25714    21.06499     
1.17551    1.27143    21.55517     
1.17551    1.28571    22.10238     
1.17551    1.30000    22.70591     
1.17551    1.31429    23.36510     
1.17551    1.32857    24.07931     
1.17551    1.34286    24.84794     
1.17551    1.35714    25.67041     
1.17551    1.37143    26.54620     
1.17551    1.38571    27.47479     
1.17551    1.40000    28.45571     

1.18163    0.70000    63.08781     
1.18163    0.71429    59.97501     
1.18163    0.72857    57.02143     
1.18163    0.74286    54.22075     
1.18163    0.75714    51.56693     
1.18163    0.77143    49.05431     
1.18163    0.78571    46.67750     
1.18163    0.80000    44.43142     
1.18163    0.81429    42.31126     
1.18163    0.82857    40.31250     
1.18163    0.84286    38.43084     
1.18163    0.85714    36.66224     
1.18163    0.87143    35.00291     
1.18163    0.88571    33.44923     
1.18163    0.90000    31.99782     
1.18163    0.91429    30.64548     
1.18163    0.92857    29.38917     
1.18163    0.94286    28.22606     
1.18163    0.95714    27.15344     
1.18163    0.97143    26.16879     
1.18163    0.98571    25.26969     
1.18163    1.00000    24.45388     
1.18163    1.01429    23.71923     
1.18163    1.02857    23.06371     
1.18163    1.04286    22.48540     
1.18163    1.05714    21.98250     
1.18163    1.07143    21.55331     
1.18163    1.08571    21.19619     
1.18163    1.10000    20.90963     
1.18163    1.11429    20.69216     
1.18163    1.12857    20.54243     
1.18163    1.14286    20.45913     
1.18163    1.15714    20.44103     
1.18163    1.17143    20.48696     
1.18163    1.18571    20.59583     
1.18163    1.20000    20.76658     
1.18163    1.21429    20.99822     
1.18163    1.22857    21.28981     
1.18163    1.24286    21.64047     
1.18163    1.25714    22.04934     
1.18163    1.27143    22.51563     
1.18163    1.28571    23.03857     
1.18163    1.30000    23.61746     
1.18163    1.31429    24.25161     
1.18163    1.32857    24.94037     
1.18163    1.34286    25.68314     
1.18163    1.35714    26.47934     
1.18163    1.37143    27.32842     
1.18163    1.38571    28.22988     
1.18163    1.40000    29.18321     

1.18776    0.70000    65.02549     
1.18776    0.71429    61.87788     
1.18776    0.72857    58.89131     
1.18776    0.74286    56.05927     
1.18776    0.75714    53.37560     
1.18776    0.77143    50.83449     
1.18776    0.78571    48.43041     
1.18776    0.80000    46.15817     
1.18776    0.81429    44.01285     
1.18776    0.82857    41.98981     
1.18776    0.84286    40.08467     
1.18776    0.85714    38.29330     
1.18776    0.87143    36.61180     
1.18776    0.88571    35.03650     
1.18776    0.90000    33.56392     
1.18776    0.91429    32.19081     
1.18776    0.92857    30.91407     
1.18776    0.94286    29.73079     
1.18776    0.95714    28.63823     
1.18776    0.97143    27.63379     
1.18776    0.98571    26.71503     
1.18776    1.00000    25.87964     
1.18776    1.01429    25.12544     
1.18776    1.02857    24.45037     
1.18776    1.04286    23.85247     
1.18776    1.05714    23.32991     
1.18776    1.07143    22.88096     
1.18776    1.08571    22.50395     
1.18776    1.10000    22.19734     
1.18776    1.11429    21.95966     
1.18776    1.12857    21.78950     
1.18776    1.14286    21.68556     
1.18776    1.15714    21.64658     
1.18776    1.17143    21.67137     
1.18776    1.18571    21.75881     
1.18776    1.20000    21.90785     
1.18776    1.21429    22.11748     
1.18776    1.22857    22.38674     
1.18776    1.24286    22.71473     
1.18776    1.25714    23.10059     
1.18776    1.27143    23.54352     
1.18776    1.28571    24.04273     
1.18776    1.30000    24.59751     
1.18776    1.31429    25.20717     
1.18776    1.32857    25.87105     
1.18776    1.34286    26.58853     
1.18776    1.35714    27.35903     
1.18776    1.37143    28.18199     
1.18776    1.38571    29.05690     
1.18776    1.40000    29.98326     

1.19388    0.70000    67.02504     
1.19388    0.71429    63.84195     
1.19388    0.72857    60.82179     
1.19388    0.74286    57.95789     
1.19388    0.75714    55.24393     
1.19388    0.77143    52.67395     
1.19388    0.78571    50.24229     
1.19388    0.80000    47.94364     
1.19388    0.81429    45.77296     
1.19388    0.82857    43.72550     
1.19388    0.84286    41.79677     
1.19388    0.85714    39.98256     
1.19388    0.87143    38.27888     
1.19388    0.88571    36.68197     
1.19388    0.90000    35.18829     
1.19388    0.91429    33.79449     
1.19388    0.92857    32.49743     
1.19388    0.94286    31.29413     
1.19388    0.95714    30.18180     
1.19388    0.97143    29.15778     
1.19388    0.98571    28.21959     
1.19388    1.00000    27.36486     
1.19388    1.01429    26.59138     
1.19388    1.02857    25.89704     
1.19388    1.04286    25.27986     
1.19388    1.05714    24.73797     
1.19388    1.07143    24.26959     
1.19388    1.08571    23.87305     
1.19388    1.10000    23.54678     
1.19388    1.11429    23.28926     
1.19388    1.12857    23.09908     
1.19388    1.14286    22.97491     
1.19388    1.15714    22.91547     
1.19388    1.17143    22.91956     
1.19388    1.18571    22.98604     
1.19388    1.20000    23.11383     
1.19388    1.21429    23.30192     
1.19388    1.22857    23.54933     
1.19388    1.24286    23.85515     
1.19388    1.25714    24.21850     
1.19388    1.27143    24.63857     
1.19388    1.28571    25.11458     
1.19388    1.30000    25.64579     
1.19388    1.31429    26.23149     
1.19388    1.32857    26.87103     
1.19388    1.34286    27.56378     
1.19388    1.35714    28.30915     
1.19388    1.37143    29.10657     
1.19388    1.38571    29.95552     
1.19388    1.40000    30.85549     

1.20000    0.70000    69.08701     
1.20000    0.71429    65.86771     
1.20000    0.72857    62.81332     
1.20000    0.74286    59.91700     
1.20000    0.75714    57.17227     
1.20000    0.77143    54.57301     
1.20000    0.78571    52.11344     
1.20000    0.80000    49.78809     
1.20000    0.81429    47.59182     
1.20000    0.82857    45.51976     
1.20000    0.84286    43.56732     
1.20000    0.85714    41.73018     
1.20000    0.87143    40.00427     
1.20000    0.88571    38.38575     
1.20000    0.90000    36.87099     
1.20000    0.91429    35.45658     
1.20000    0.92857    34.13930     
1.20000    0.94286    32.91611     
1.20000    0.95714    31.78416     
1.20000    0.97143    30.74075     
1.20000    0.98571    29.78333     
1.20000    1.00000    28.90949     
1.20000    1.01429    28.11698     
1.20000    1.02857    27.40365     
1.20000    1.04286    26.76748     
1.20000    1.05714    26.20656     
1.20000    1.07143    25.71910     
1.20000    1.08571    25.30338     
1.20000    1.10000    24.95779     
1.20000    1.11429    24.68082     
1.20000    1.12857    24.47101     
1.20000    1.14286    24.32702     
1.20000    1.15714    24.24754     
1.20000    1.17143    24.23135     
1.20000    1.18571    24.27731     
1.20000    1.20000    24.38431     
1.20000    1.21429    24.55131     
1.20000    1.22857    24.77735     
1.20000    1.24286    25.06148     
1.20000    1.25714    25.40282     
1.20000    1.27143    25.80055     
1.20000    1.28571    26.25386     
1.20000    1.30000    26.76201     
1.20000    1.31429    27.32430     
1.20000    1.32857    27.94004     
1.20000    1.34286    28.60861     
1.20000    1.35714    29.32940     
1.20000    1.37143    30.10184     
1.20000    1.38571    30.92540     
1.20000    1.40000    31.79956     
